Log file open, 01/02/18 21:58:06
LogWindows: Failed to load 'aqProf.dll' (GetLastError=126)
LogWindows: File 'aqProf.dll' does not exist
LogWindows: Failed to load 'VtuneApi.dll' (GetLastError=126)
LogWindows: File 'VtuneApi.dll' does not exist
LogWindows: Failed to load 'VtuneApi32e.dll' (GetLastError=126)
LogWindows: File 'VtuneApi32e.dll' does not exist
LogInit: Display: Running engine for game: MyProject2
LogPlatformFile: Not using cached read wrapper
LogInit: Display: RandInit(1197798245) SRandInit(1197798246).
LogInit: Read version file with build ID '3709383'
LogInit: Overriding engine version to CL 3794801, compatible CL 3709383
LogInit: Registered custom module enumerator with build ID '3709383'
LogTaskGraph: Started task graph with 5 named threads and 14 total threads with 3 sets of task threads.
LogStats: Stats thread started at 0.174376
LogD3D11RHI: Aftermath initialized
LogModuleManager: Display: Found up-to-date module file ../../../Engine/Plugins/2D/Paper2D/Binaries/Win64/UE4Editor-Paper2D.dll (API version 3709383).
LogModuleManager: Display: Found up-to-date module file ../../../Engine/Plugins/2D/Paper2D/Binaries/Win64/UE4Editor-Paper2DEditor.dll (API version 3709383).
LogModuleManager: Display: Found up-to-date module file ../../../Engine/Plugins/2D/Paper2D/Binaries/Win64/UE4Editor-PaperSpriteSheetImporter.dll (API version 3709383).
LogModuleManager: Display: Found up-to-date module file ../../../Engine/Plugins/2D/Paper2D/Binaries/Win64/UE4Editor-PaperTiledImporter.dll (API version 3709383).
LogModuleManager: Display: Found up-to-date module file ../../../Engine/Plugins/2D/Paper2D/Binaries/Win64/UE4Editor-SmartSnapping.dll (API version 3709383).
LogModuleManager: Display: Found up-to-date module file ../../../Engine/Plugins/Blendables/LightPropagationVolume/Binaries/Win64/UE4Editor-LightPropagationVolumeRuntime.dll (API version 3709383).
LogModuleManager: Display: Found up-to-date module file ../../../Engine/Plugins/Blendables/LightPropagationVolume/Binaries/Win64/UE4Editor-LightPropagationVolumeEditor.dll (API version 3709383).
LogModuleManager: Display: Found up-to-date module file ../../../Engine/Plugins/Developer/GitSourceControl/Binaries/Win64/UE4Editor-GitSourceControl.dll (API version 3709383).
LogModuleManager: Display: Found up-to-date module file ../../../Engine/Plugins/Developer/PerforceSourceControl/Binaries/Win64/UE4Editor-PerforceSourceControl.dll (API version 3709383).
LogModuleManager: Display: Found up-to-date module file ../../../Engine/Plugins/Developer/SubversionSourceControl/Binaries/Win64/UE4Editor-SubversionSourceControl.dll (API version 3709383).
LogModuleManager: Display: Found up-to-date module file ../../../Engine/Plugins/Developer/UObjectPlugin/Binaries/Win64/UE4Editor-UObjectPlugin.dll (API version 3709383).
LogModuleManager: Display: Found up-to-date module file ../../../Engine/Plugins/Developer/VisualStudioCodeSourceCodeAccess/Binaries/Win64/UE4Editor-VisualStudioCodeSourceCodeAccess.dll (API version 3709383).
LogModuleManager: Display: Found up-to-date module file ../../../Engine/Plugins/Developer/VisualStudioSourceCodeAccess/Binaries/Win64/UE4Editor-VisualStudioSourceCodeAccess.dll (API version 3709383).
LogModuleManager: Display: Found up-to-date module file ../../../Engine/Plugins/Editor/AssetManagerEditor/Binaries/Win64/UE4Editor-AssetManagerEditor.dll (API version 3709383).
LogModuleManager: Display: Found up-to-date module file ../../../Engine/Plugins/Editor/AudioCapture/Binaries/Win64/UE4Editor-AudioCapture.dll (API version 3709383).
LogModuleManager: Display: Found up-to-date module file ../../../Engine/Plugins/Editor/FacialAnimation/Binaries/Win64/UE4Editor-FacialAnimation.dll (API version 3709383).
LogModuleManager: Display: Found up-to-date module file ../../../Engine/Plugins/Editor/FacialAnimation/Binaries/Win64/UE4Editor-FacialAnimationEditor.dll (API version 3709383).
LogModuleManager: Display: Found up-to-date module file ../../../Engine/Plugins/Editor/GameplayTagsEditor/Binaries/Win64/UE4Editor-GameplayTagsEditor.dll (API version 3709383).
LogModuleManager: Display: Found up-to-date module file ../../../Engine/Plugins/Editor/MobileLauncherProfileWizard/Binaries/Win64/UE4Editor-MobileLauncherProfileWizard.dll (API version 3709383).
LogModuleManager: Display: Found up-to-date module file ../../../Engine/Plugins/Editor/PluginBrowser/Binaries/Win64/UE4Editor-PluginBrowser.dll (API version 3709383).
LogModuleManager: Display: Found up-to-date module file ../../../Engine/Plugins/Editor/SpeedTreeImporter/Binaries/Win64/UE4Editor-SpeedTreeImporter.dll (API version 3709383).
LogModuleManager: Display: Found up-to-date module file ../../../Engine/Plugins/Experimental/AlembicImporter/Binaries/Win64/UE4Editor-AlembicImporter.dll (API version 3709383).
LogModuleManager: Display: Found up-to-date module file ../../../Engine/Plugins/Experimental/AlembicImporter/Binaries/Win64/UE4Editor-AlembicLibrary.dll (API version 3709383).
LogModuleManager: Display: Found up-to-date module file ../../../Engine/Plugins/Experimental/CharacterAI/Binaries/Win64/UE4Editor-CharacterAI.dll (API version 3709383).
LogModuleManager: Display: Found up-to-date module file ../../../Engine/Plugins/Experimental/HTML5Networking/Binaries/Win64/UE4Editor-HTML5Networking.dll (API version 3709383).
LogModuleManager: Display: Found up-to-date module file ../../../Engine/Plugins/Media/AndroidMedia/Binaries/Win64/UE4Editor-AndroidMediaEditor.dll (API version 3709383).
LogModuleManager: Display: Found up-to-date module file ../../../Engine/Plugins/Media/AndroidMedia/Binaries/Win64/UE4Editor-AndroidMediaFactory.dll (API version 3709383).
LogModuleManager: Display: Found up-to-date module file ../../../Engine/Plugins/Media/AvfMedia/Binaries/Win64/UE4Editor-AvfMediaEditor.dll (API version 3709383).
LogModuleManager: Display: Found up-to-date module file ../../../Engine/Plugins/Media/AvfMedia/Binaries/Win64/UE4Editor-AvfMediaFactory.dll (API version 3709383).
LogModuleManager: Display: Found up-to-date module file ../../../Engine/Plugins/Media/AvfMedia/Binaries/Win64/UE4Editor-AvfMediaFactory.dll (API version 3709383).
LogModuleManager: Display: Found up-to-date module file ../../../Engine/Plugins/Media/ImgMedia/Binaries/Win64/UE4Editor-ImgMedia.dll (API version 3709383).
LogModuleManager: Display: Found up-to-date module file ../../../Engine/Plugins/Media/ImgMedia/Binaries/Win64/UE4Editor-ImgMediaEditor.dll (API version 3709383).
LogModuleManager: Display: Found up-to-date module file ../../../Engine/Plugins/Media/ImgMedia/Binaries/Win64/UE4Editor-ImgMediaFactory.dll (API version 3709383).
LogModuleManager: Display: Found up-to-date module file ../../../Engine/Plugins/Media/ImgMedia/Binaries/Win64/UE4Editor-ImgMediaFactory.dll (API version 3709383).
LogModuleManager: Display: Found up-to-date module file ../../../Engine/Plugins/Media/ImgMedia/Binaries/Win64/UE4Editor-OpenExrWrapper.dll (API version 3709383).
LogModuleManager: Display: Found up-to-date module file ../../../Engine/Plugins/Media/MediaCompositing/Binaries/Win64/UE4Editor-MediaCompositing.dll (API version 3709383).
LogModuleManager: Display: Found up-to-date module file ../../../Engine/Plugins/Media/MediaCompositing/Binaries/Win64/UE4Editor-MediaCompositingEditor.dll (API version 3709383).
LogModuleManager: Display: Found up-to-date module file ../../../Engine/Plugins/Media/MediaPlayerEditor/Binaries/Win64/UE4Editor-MediaPlayerEditor.dll (API version 3709383).
LogModuleManager: Display: Found up-to-date module file ../../../Engine/Plugins/Media/WmfMedia/Binaries/Win64/UE4Editor-WmfMedia.dll (API version 3709383).
LogModuleManager: Display: Found up-to-date module file ../../../Engine/Plugins/Media/WmfMedia/Binaries/Win64/UE4Editor-WmfMediaEditor.dll (API version 3709383).
LogModuleManager: Display: Found up-to-date module file ../../../Engine/Plugins/Media/WmfMedia/Binaries/Win64/UE4Editor-WmfMediaFactory.dll (API version 3709383).
LogModuleManager: Display: Found up-to-date module file ../../../Engine/Plugins/Media/WmfMedia/Binaries/Win64/UE4Editor-WmfMediaFactory.dll (API version 3709383).
LogModuleManager: Display: Found up-to-date module file ../../../Engine/Plugins/Messaging/TcpMessaging/Binaries/Win64/UE4Editor-TcpMessaging.dll (API version 3709383).
LogModuleManager: Display: Found up-to-date module file ../../../Engine/Plugins/Messaging/UdpMessaging/Binaries/Win64/UE4Editor-UdpMessaging.dll (API version 3709383).
LogModuleManager: Display: Found up-to-date module file ../../../Engine/Plugins/MovieScene/ActorSequence/Binaries/Win64/UE4Editor-ActorSequence.dll (API version 3709383).
LogModuleManager: Display: Found up-to-date module file ../../../Engine/Plugins/MovieScene/LevelSequenceEditor/Binaries/Win64/UE4Editor-LevelSequenceEditor.dll (API version 3709383).
LogModuleManager: Display: Found up-to-date module file ../../../Engine/Plugins/MovieScene/MatineeToLevelSequence/Binaries/Win64/UE4Editor-MatineeToLevelSequence.dll (API version 3709383).
LogModuleManager: Display: Found up-to-date module file ../../../Engine/Plugins/Online/OnlineSubsystem/Binaries/Win64/UE4Editor-OnlineSubsystem.dll (API version 3709383).
LogModuleManager: Display: Found up-to-date module file ../../../Engine/Plugins/Runtime/AndroidPermission/Binaries/Win64/UE4Editor-AndroidPermission.dll (API version 3709383).
LogModuleManager: Display: Found up-to-date module file ../../../Engine/Plugins/Online/OnlineSubsystemNull/Binaries/Win64/UE4Editor-OnlineSubsystemNull.dll (API version 3709383).
LogModuleManager: Display: Found up-to-date module file ../../../Engine/Plugins/Online/OnlineSubsystemUtils/Binaries/Win64/UE4Editor-OnlineSubsystemUtils.dll (API version 3709383).
LogModuleManager: Display: Found up-to-date module file ../../../Engine/Plugins/Online/OnlineSubsystemUtils/Binaries/Win64/UE4Editor-OnlineBlueprintSupport.dll (API version 3709383).
LogModuleManager: Display: Found up-to-date module file ../../../Engine/Plugins/Runtime/AndroidDeviceProfileSelector/Binaries/Win64/UE4Editor-AndroidDeviceProfileSelector.dll (API version 3709383).
LogModuleManager: Display: Found up-to-date module file ../../../Engine/Plugins/Runtime/AppleARKit/Binaries/Win64/UE4Editor-AppleARKit.dll (API version 3709383).
LogModuleManager: Display: Found up-to-date module file ../../../Engine/Plugins/Runtime/ArchVisCharacter/Binaries/Win64/UE4Editor-ArchVisCharacter.dll (API version 3709383).
LogModuleManager: Display: Found up-to-date module file ../../../Engine/Plugins/Runtime/CableComponent/Binaries/Win64/UE4Editor-CableComponent.dll (API version 3709383).
LogModuleManager: Display: Found up-to-date module file ../../../Engine/Plugins/Runtime/CustomMeshComponent/Binaries/Win64/UE4Editor-CustomMeshComponent.dll (API version 3709383).
LogModuleManager: Display: Found up-to-date module file ../../../Engine/Plugins/Runtime/ExampleDeviceProfileSelector/Binaries/Win64/UE4Editor-ExampleDeviceProfileSelector.dll (API version 3709383).
LogModuleManager: Display: Found up-to-date module file ../../../Engine/Plugins/Runtime/ImmediatePhysics/Binaries/Win64/UE4Editor-ImmediatePhysics.dll (API version 3709383).
LogModuleManager: Display: Found up-to-date module file ../../../Engine/Plugins/Runtime/ImmediatePhysics/Binaries/Win64/UE4Editor-ImmediatePhysicsEditor.dll (API version 3709383).
LogModuleManager: Display: Found up-to-date module file ../../../Engine/Plugins/Runtime/LocationServicesBPLibrary/Binaries/Win64/UE4Editor-LocationServicesBPLibrary.dll (API version 3709383).
LogModuleManager: Display: Found up-to-date module file ../../../Engine/Plugins/Runtime/MobilePatchingUtils/Binaries/Win64/UE4Editor-MobilePatchingUtils.dll (API version 3709383).
LogModuleManager: Display: Found up-to-date module file ../../../Engine/Plugins/Runtime/Oculus/OculusVR/Binaries/Win64/UE4Editor-OculusHMD.dll (API version 3709383).
LogModuleManager: Display: Found up-to-date module file ../../../Engine/Plugins/Runtime/Oculus/OculusVR/Binaries/Win64/UE4Editor-OculusInput.dll (API version 3709383).
LogModuleManager: Display: Found up-to-date module file ../../../Engine/Plugins/Runtime/Oculus/OculusVR/Binaries/Win64/UE4Editor-OculusEditor.dll (API version 3709383).
LogModuleManager: Display: Found up-to-date module file ../../../Engine/Plugins/Runtime/PhysXVehicles/Binaries/Win64/UE4Editor-PhysXVehicles.dll (API version 3709383).
LogModuleManager: Display: Found up-to-date module file ../../../Engine/Plugins/Runtime/PhysXVehicles/Binaries/Win64/UE4Editor-PhysXVehiclesEditor.dll (API version 3709383).
LogModuleManager: Display: Found up-to-date module file ../../../Engine/Plugins/Runtime/ProceduralMeshComponent/Binaries/Win64/UE4Editor-ProceduralMeshComponent.dll (API version 3709383).
LogModuleManager: Display: Found up-to-date module file ../../../Engine/Plugins/Runtime/ProceduralMeshComponent/Binaries/Win64/UE4Editor-ProceduralMeshComponentEditor.dll (API version 3709383).
LogModuleManager: Display: Found up-to-date module file ../../../Engine/Plugins/Runtime/RuntimePhysXCooking/Binaries/Win64/UE4Editor-RuntimePhysXCooking.dll (API version 3709383).
LogModuleManager: Display: Found up-to-date module file ../../../Engine/Plugins/Runtime/Steam/SteamVR/Binaries/Win64/UE4Editor-SteamVR.dll (API version 3709383).
LogModuleManager: Display: Found up-to-date module file ../../../Engine/Plugins/Runtime/Steam/SteamVR/Binaries/Win64/UE4Editor-SteamVRController.dll (API version 3709383).
LogModuleManager: Display: Found up-to-date module file ../../../Engine/Plugins/Runtime/WindowsMoviePlayer/Binaries/Win64/UE4Editor-WindowsMoviePlayer.dll (API version 3709383).
LogPluginManager: Mounting plugin Paper2D
LogPluginManager: Mounting plugin LightPropagationVolume
LogPluginManager: Mounting plugin CodeLiteSourceCodeAccess
LogPluginManager: Mounting plugin GitSourceControl
LogPluginManager: Mounting plugin KDevelopSourceCodeAccess
LogPluginManager: Mounting plugin NullSourceCodeAccess
LogPluginManager: Mounting plugin PerforceSourceControl
LogPluginManager: Mounting plugin SubversionSourceControl
LogPluginManager: Mounting plugin UObjectPlugin
LogPluginManager: Mounting plugin VisualStudioCodeSourceCodeAccess
LogPluginManager: Mounting plugin VisualStudioSourceCodeAccess
LogPluginManager: Mounting plugin XCodeSourceCodeAccess
LogPluginManager: Mounting plugin AssetManagerEditor
LogPluginManager: Mounting plugin AudioCapture
LogPluginManager: Mounting plugin FacialAnimation
LogPluginManager: Mounting plugin GameplayTagsEditor
LogPluginManager: Mounting plugin MobileLauncherProfileWizard
LogPluginManager: Mounting plugin PluginBrowser
LogPluginManager: Mounting plugin SpeedTreeImporter
LogPluginManager: Mounting plugin AlembicImporter
LogPluginManager: Mounting plugin CharacterAI
LogPluginManager: Mounting plugin HTML5Networking
LogPluginManager: Mounting plugin AndroidMedia
LogPluginManager: Mounting plugin AvfMedia
LogPluginManager: Mounting plugin ImgMedia
LogPluginManager: Mounting plugin MediaCompositing
LogPluginManager: Mounting plugin MediaPlayerEditor
LogPluginManager: Mounting plugin WmfMedia
LogPluginManager: Mounting plugin TcpMessaging
LogPluginManager: Mounting plugin UdpMessaging
LogPluginManager: Mounting plugin ActorSequence
LogPluginManager: Mounting plugin LevelSequenceEditor
LogPluginManager: Mounting plugin MatineeToLevelSequence
LogPluginManager: Mounting plugin OnlineSubsystemGooglePlay
LogPluginManager: Mounting plugin OnlineSubsystemIOS
LogPluginManager: Mounting plugin OnlineSubsystem
LogPluginManager: Mounting plugin OnlineSubsystemNull
LogPluginManager: Mounting plugin OnlineSubsystemUtils
LogPluginManager: Mounting plugin AndroidDeviceProfileSelector
LogPluginManager: Mounting plugin AndroidMoviePlayer
LogPluginManager: Mounting plugin AndroidPermission
LogPluginManager: Mounting plugin AppleARKit
LogPluginManager: Mounting plugin AppleMoviePlayer
LogPluginManager: Mounting plugin ArchVisCharacter
LogPluginManager: Mounting plugin CableComponent
LogPluginManager: Mounting plugin CustomMeshComponent
LogPluginManager: Mounting plugin ExampleDeviceProfileSelector
LogPluginManager: Mounting plugin GoogleCloudMessaging
LogPluginManager: Mounting plugin ImmediatePhysics
LogPluginManager: Mounting plugin IOSDeviceProfileSelector
LogPluginManager: Mounting plugin LinuxDeviceProfileSelector
LogPluginManager: Mounting plugin LocationServicesBPLibrary
LogPluginManager: Mounting plugin MobilePatchingUtils
LogPluginManager: Mounting plugin OculusVR
LogPluginManager: Plugin shader directory ../../../Engine/Plugins/Runtime/Oculus/OculusVR/Shaders found
LogPluginManager: Mapping shader source directory ../../../Engine/Plugins/Runtime/Oculus/OculusVR/Shaders to virtual directory /Plugin/OculusVR
LogPluginManager: Mounting plugin PhysXVehicles
LogPluginManager: Mounting plugin ProceduralMeshComponent
LogPluginManager: Mounting plugin RuntimePhysXCooking
LogPluginManager: Mounting plugin SteamVR
LogPluginManager: Mounting plugin WindowsMoviePlayer
LogInit: Using libcurl 7.47.1
LogInit:  - built for x86_64-pc-win32
LogInit:  - supports SSL with OpenSSL/1.0.2g
LogInit:  - supports HTTP deflate (compression) using libz 1.2.8
LogInit:  - other features:
LogInit:      CURL_VERSION_SSL
LogInit:      CURL_VERSION_LIBZ
LogInit:      CURL_VERSION_IPV6
LogInit:      CURL_VERSION_ASYNCHDNS
LogInit:      CURL_VERSION_LARGEFILE
LogInit:      CURL_VERSION_IDN
LogInit:  CurlRequestOptions (configurable via config and command line):
LogInit:  - bVerifyPeer = false  - Libcurl will NOT verify peer certificate
LogInit:  - bUseHttpProxy = false  - Libcurl will NOT use HTTP proxy
LogInit:  - bDontReuseConnections = false  - Libcurl will reuse connections
LogInit:  - CertBundlePath = nullptr  - Libcurl will use whatever was configured at build time.
LogInit: Build: ++UE4+Release-4.18-CL-3794801
LogInit: Engine Version: 4.18.2-3794801+++UE4+Release-4.18
LogInit: Compatible Engine Version: 4.18.0-3709383+++UE4+Release-4.18
LogInit: Net CL: 3709383
LogDevObjectVersion: Number of dev versions registered: 16
LogDevObjectVersion:   Dev-Blueprints (B0D832E4-1F89-4F0D-ACCF-7EB736FD4AA2): 10
LogDevObjectVersion:   Dev-Build (E1C64328-A22C-4D53-A36C-8E866417BD8C): 0
LogDevObjectVersion:   Dev-Core (375EC13C-06E4-48FB-B500-84F0262A717E): 2
LogDevObjectVersion:   Dev-Editor (E4B068ED-F494-42E9-A231-DA0B2E46BB41): 20
LogDevObjectVersion:   Dev-Framework (CFFC743F-43B0-4480-9391-14DF171D2073): 30
LogDevObjectVersion:   Dev-Mobile (B02B49B5-BB20-44E9-A304-32B752E40360): 0
LogDevObjectVersion:   Dev-Networking (A4E4105C-59A1-49B5-A7C5-40C4547EDFEE): 0
LogDevObjectVersion:   Dev-Online (39C831C9-5AE6-47DC-9A44-9C173E1C8E7C): 0
LogDevObjectVersion:   Dev-Physics (78F01B33-EBEA-4F98-B9B4-84EACCB95AA2): 0
LogDevObjectVersion:   Dev-Platform (6631380F-2D4D-43E0-8009-CF276956A95A): 0
LogDevObjectVersion:   Dev-Rendering (12F88B9F-8875-4AFC-A67C-D90C383ABD29): 20
LogDevObjectVersion:   Dev-Sequencer (7B5AE74C-D270-4C10-A958-57980B212A5A): 4
LogDevObjectVersion:   Dev-VR (D7296918-1DD6-4BDD-9DE2-64A83CC13884): 0
LogDevObjectVersion:   Dev-LoadTimes (C2A15278-BFE7-4AFE-6C17-90FF531DF755): 1
LogDevObjectVersion:   Private-Geometry (6EACA3D4-40EC-4CC1-B786-8BED09428FC5): 1
LogDevObjectVersion:   Dev-AnimPhys (29E575DD-E0A3-4627-9D10-D276232CDCEA): 12
LogInit: Compiled (64-bit): Dec  8 2017 02:04:53
LogInit: Compiled with Visual C++: 19.00.24215.01
LogInit: Build Configuration: Development
LogInit: Branch Name: ++UE4+Release-4.18
LogInit: Command line:  
LogInit: Base directory: C:/Program Files (x86)/Epic Games/UE_4.18/Engine/Binaries/Win64/
LogInit: Installed Engine Build: 1
LogInit: Presizing for max 8388607 objects, including 0 objects not considered by GC, pre-allocating 0 bytes for permanent pool.
LogInit: Object subsystem initialized
[2018.01.02-16.58.08:130][  0]LogInit: Selected Device Profile: [Windows]
[2018.01.02-16.58.08:130][  0]LogInit: Applying CVar settings loaded from the selected device profile: [Windows]
[2018.01.02-16.58.10:264][  0]LogInit: Computer: SEMKASEM
[2018.01.02-16.58.10:264][  0]LogInit: User: Admen3000
[2018.01.02-16.58.10:264][  0]LogInit: CPU Page size=4096, Cores=4
[2018.01.02-16.58.10:264][  0]LogInit: High frequency timer resolution =3.421880 MHz
[2018.01.02-16.58.10:265][  0]LogMemory: Memory total: Physical=16.0GB (16GB approx)
[2018.01.02-16.58.10:265][  0]LogMemory: Platform Memory Stats for Windows
[2018.01.02-16.58.10:265][  0]LogMemory: Process Physical Memory: 272.97 MB used, 272.97 MB peak
[2018.01.02-16.58.10:265][  0]LogMemory: Process Virtual Memory: 269.87 MB used, 269.87 MB peak
[2018.01.02-16.58.10:265][  0]LogMemory: Physical Memory: 7719.77 MB used,  8613.79 MB free, 16333.55 MB total
[2018.01.02-16.58.10:265][  0]LogMemory: Virtual Memory: 643.41 MB used,  8613.79 MB free, 134217728.00 MB total
[2018.01.02-16.58.10:507][  0]LogInit: Using OS detected language (ru-RU).
[2018.01.02-16.58.10:507][  0]LogInit: Using OS detected locale (ru-RU).
[2018.01.02-16.58.10:511][  0]LogTextLocalizationManager: No localization for 'ru-RU' exists, so 'en' will be used for the language.
[2018.01.02-16.58.10:511][  0]LogTextLocalizationManager: No localization for 'ru-RU' exists, so 'en' will be used for the locale.
[2018.01.02-16.58.10:957][  0]LogInit: Setting process to per monitor DPI aware
[2018.01.02-16.58.11:425][  0]LogD3D11RHI: D3D11 adapters:
[2018.01.02-16.58.11:484][  0]LogD3D11RHI:    0. 'NVIDIA GeForce GTX 1060 6GB' (Feature Level 11_0)
[2018.01.02-16.58.11:484][  0]LogD3D11RHI:       6064/0/8166 MB DedicatedVideo/DedicatedSystem/SharedSystem, Outputs:1, VendorId:0x10de
[2018.01.02-16.58.11:486][  0]LogD3D11RHI:    1. 'Microsoft Basic Render Driver' (Feature Level 11_0)
[2018.01.02-16.58.11:486][  0]LogD3D11RHI:       0/0/8166 MB DedicatedVideo/DedicatedSystem/SharedSystem, Outputs:0, VendorId:0x1414
[2018.01.02-16.58.11:486][  0]LogD3D11RHI: Chosen D3D11 Adapter: 0
[2018.01.02-16.58.11:493][  0]LogD3D11RHI: Creating new Direct3DDevice
[2018.01.02-16.58.11:493][  0]LogD3D11RHI:     GPU DeviceId: 0x1c03 (for the marketing name, search the web for "GPU Device Id")
[2018.01.02-16.58.11:493][  0]LogWindows: EnumDisplayDevices:
[2018.01.02-16.58.11:493][  0]LogWindows:    0. 'NVIDIA GeForce GTX 1060 6GB' (P:1 D:1)
[2018.01.02-16.58.11:493][  0]LogWindows:    1. 'NVIDIA GeForce GTX 1060 6GB' (P:0 D:0)
[2018.01.02-16.58.11:493][  0]LogWindows:    2. 'NVIDIA GeForce GTX 1060 6GB' (P:0 D:0)
[2018.01.02-16.58.11:493][  0]LogWindows:    3. 'NVIDIA GeForce GTX 1060 6GB' (P:0 D:0)
[2018.01.02-16.58.11:493][  0]LogWindows: DebugString: FoundDriverCount:4 
[2018.01.02-16.58.11:493][  0]LogD3D11RHI:     Adapter Name: NVIDIA GeForce GTX 1060 6GB
[2018.01.02-16.58.11:493][  0]LogD3D11RHI:   Driver Version: 388.13 (internal:23.21.13.8813, unified:388.13)
[2018.01.02-16.58.11:493][  0]LogD3D11RHI:      Driver Date: 10-27-2017
[2018.01.02-16.58.11:493][  0]LogRHI: Texture pool is 4244 MB (70% of 6064 MB)
[2018.01.02-16.58.11:523][  0]LogD3D11RHI: Async texture creation enabled
[2018.01.02-16.58.11:753][  0]LogD3D11RHI: GPU Timing Frequency: 1000.000000 (Debug: 2 1)
[2018.01.02-16.58.11:802][  0]LogShaderCompilers: Guid format shader working directory is -21 characters bigger than the processId version (../../../../../../Users/sss31/Documents/Unreal Projects/MyProject2/Intermediate/Shaders/WorkingDirectory/27608/).
[2018.01.02-16.58.11:802][  0]LogShaderCompilers: Cleaned the shader compiler working directory 'C:/Users/sss31/AppData/Local/Temp/UnrealShaderWorkingDir/87F5F39B4F2BCA9AEAC900955D8A53FD/'.
[2018.01.02-16.58.11:802][  0]LogShaderCompilers: Display: Using Local Shader Compiler.
[2018.01.02-16.58.13:238][  0]LogTemp: Display: Loaded TP AllDesktopTargetPlatform
[2018.01.02-16.58.13:306][  0]LogTemp: Display: Loaded TP MacClientTargetPlatform
[2018.01.02-16.58.13:375][  0]LogTemp: Display: Loaded TP MacNoEditorTargetPlatform
[2018.01.02-16.58.13:449][  0]LogTemp: Display: Loaded TP MacServerTargetPlatform
[2018.01.02-16.58.13:599][  0]LogTemp: Display: Loaded TP MacTargetPlatform
[2018.01.02-16.58.13:671][  0]LogTemp: Display: Loaded TP WindowsClientTargetPlatform
[2018.01.02-16.58.13:741][  0]LogTemp: Display: Loaded TP WindowsNoEditorTargetPlatform
[2018.01.02-16.58.13:816][  0]LogTemp: Display: Loaded TP WindowsServerTargetPlatform
[2018.01.02-16.58.13:885][  0]LogTemp: Display: Loaded TP WindowsTargetPlatform
[2018.01.02-16.58.13:956][  0]LogTemp: Display: Loaded TP Android_ASTCTargetPlatform
[2018.01.02-16.58.14:027][  0]LogTemp: Display: Loaded TP Android_ATCTargetPlatform
[2018.01.02-16.58.14:100][  0]LogTemp: Display: Loaded TP Android_DXTTargetPlatform
[2018.01.02-16.58.14:171][  0]LogTemp: Display: Loaded TP Android_ETC1TargetPlatform
[2018.01.02-16.58.14:242][  0]LogTemp: Display: Loaded TP Android_ETC2TargetPlatform
[2018.01.02-16.58.14:389][  0]LogTemp: Display: Loaded TP Android_MultiTargetPlatform
[2018.01.02-16.58.14:389][  0]LogTemp: Display: Loaded TP Android_PVRTCTargetPlatform
[2018.01.02-16.58.14:475][  0]LogTemp: Display: Loaded TP AndroidTargetPlatform
[2018.01.02-16.58.14:536][  0]LogTemp: Display: Loaded TP HTML5TargetPlatform
[2018.01.02-16.58.14:700][  0]LogTemp: Display: Loaded TP IOSTargetPlatform
[2018.01.02-16.58.14:737][  0]LogTemp: Display: Loaded TP TVOSTargetPlatform
[2018.01.02-16.58.14:812][  0]LogTemp: Display: Loaded TP LinuxClientTargetPlatform
[2018.01.02-16.58.14:882][  0]LogTemp: Display: Loaded TP LinuxNoEditorTargetPlatform
[2018.01.02-16.58.14:953][  0]LogTemp: Display: Loaded TP LinuxServerTargetPlatform
[2018.01.02-16.58.15:060][  0]LogTemp: Display: Loaded TP LinuxTargetPlatform
[2018.01.02-16.58.15:060][  0]LogTargetPlatformManager: Display: Building Assets For Windows
[2018.01.02-16.58.15:996][  0]LogDerivedDataCache: Display: Max Cache Size: 512 MB
[2018.01.02-16.58.16:249][  0]LogDerivedDataCache: Loaded boot cache 0.25s 69MB C:/Users/sss31/AppData/Local/UnrealEngine/4.18/DerivedDataCache/Boot.ddc.
[2018.01.02-16.58.16:249][  0]LogDerivedDataCache: Display: Loaded Boot cache: C:/Users/sss31/AppData/Local/UnrealEngine/4.18/DerivedDataCache/Boot.ddc
[2018.01.02-16.58.16:249][  0]LogDerivedDataCache: FDerivedDataBackendGraph:  Pak pak cache file ../../../../../../Users/sss31/Documents/Unreal Projects/MyProject2/DerivedDataCache/DDC.ddp not found, will not use a pak cache.
[2018.01.02-16.58.16:249][  0]LogDerivedDataCache: Unable to find inner node Pak for hierarchical cache Hierarchy.
[2018.01.02-16.58.16:249][  0]LogDerivedDataCache: FDerivedDataBackendGraph:  CompressedPak pak cache file ../../../../../../Users/sss31/Documents/Unreal Projects/MyProject2/DerivedDataCache/Compressed.ddp not found, will not use a pak cache.
[2018.01.02-16.58.16:249][  0]LogDerivedDataCache: Unable to find inner node CompressedPak for hierarchical cache Hierarchy.
[2018.01.02-16.58.16:265][  0]LogDerivedDataCache: Display: Pak cache opened for reading ../../../Engine/DerivedDataCache/Compressed.ddp.
[2018.01.02-16.58.16:277][  0]LogDerivedDataCache: Using Local data cache path C:/Users/sss31/AppData/Local/UnrealEngine/Common/DerivedDataCache: Writable
[2018.01.02-16.58.16:286][  0]LogMaterial: Verifying Global Shaders for PCD3D_SM5
[2018.01.02-16.58.16:287][  0]LogSlate: Using Freetype 2.6.0
[2018.01.02-16.58.16:420][  0]LogSlate: SlateFontCache - WITH_FREETYPE: 1, WITH_HARFBUZZ: 1
[2018.01.02-16.58.16:420][  0]LogSlate: SlateFontCache - WITH_FREETYPE: 1, WITH_HARFBUZZ: 1
[2018.01.02-16.58.16:957][  0]LogInit: Selected Device Profile: [Windows]
[2018.01.02-16.58.17:408][  0]LogSimplygon: Simplygon DLL not present - disabling.
[2018.01.02-16.58.17:470][  0]LogMeshReduction: Using SimplygonSwarm for distributed automatic mesh merging
[2018.01.02-16.58.17:470][  0]LogMeshReduction: Using QuadricMeshReduction for automatic static mesh reduction
[2018.01.02-16.58.17:470][  0]LogMeshReduction: No automatic skeletal mesh reduction module available
[2018.01.02-16.58.17:470][  0]LogMeshReduction: No automatic mesh merging module available
[2018.01.02-16.58.17:470][  0]LogMeshMerging: No automatic mesh merging module available
[2018.01.02-16.58.17:499][  0]LogNetVersion: MyProject2 , NetCL: 3709383, EngineNetVer: 2, GameNetVer: 0 (Checksum: 4016851739)
[2018.01.02-16.58.17:679][  0]LogAssetRegistry: FAssetRegistry took 0.0247 seconds to start up
[2018.01.02-16.58.18:198][  0]LogPackageLocalizationCache: Processed 7 localized package path(s) for 1 prioritized culture(s) in 0.062826 seconds
[2018.01.02-16.58.18:203][  0]LogUObjectArray: 35900 objects as part of root set at end of initial load.
[2018.01.02-16.58.18:203][  0]LogUObjectAllocator: 7372024 out of 0 bytes used by permanent object pool.
[2018.01.02-16.58.18:203][  0]LogUObjectArray: CloseDisregardForGC: 0/0 objects in disregard for GC pool
[2018.01.02-16.58.18:281][  0]LogInit: WinSock: version 1.1 (2.2), MaxSocks=32767, MaxUdp=65467
[2018.01.02-16.58.44:109][  0]LogTcpMessaging: Initializing TcpMessaging bridge
[2018.01.02-16.58.44:162][  0]LogUdpMessaging: Initializing bridge on interface 0.0.0.0:0 to multicast group 230.0.0.1:6666.
[2018.01.02-16.58.45:456][  0]LogMaterial: Uniform references updated for custom material expression Custom.
[2018.01.02-16.58.46:092][  0]SourceControl: Source control is disabled
[2018.01.02-16.58.46:092][  0]SourceControl: Source control is disabled
[2018.01.02-16.58.46:226][  0]SourceControl: Source control is disabled
[2018.01.02-16.58.46:303][  0]SourceControl: Source control is disabled
[2018.01.02-16.58.47:658][  0]LogAndroidPermission: UAndroidPermissionCallbackProxy::GetInstance
[2018.01.02-16.58.48:032][  0]LogOcInput: OculusInput pre-init called
[2018.01.02-16.58.48:500][  0]LogEngine: Initializing Engine...
[2018.01.02-16.58.48:502][  0]LogHMD: Failed to initialize OpenVR with code 110
[2018.01.02-16.58.48:744][  0]LogStats: UGameplayTagsManager::ConstructGameplayTagTree: Construct from data asset -  0.000 s
[2018.01.02-16.58.48:744][  0]LogStats: UGameplayTagsManager::ConstructGameplayTagTree: GameplayTagTreeChangedEvent.Broadcast -  0.000 s
[2018.01.02-16.58.48:931][  0]LogAIModule: Creating AISystem for world Untitled
[2018.01.02-16.58.48:949][  0]LogInit: XAudio2 using 'Realtek HD Audio 2nd output (Realtek High Definition Audio)' : 2 channels at 48 kHz using 32 bits per sample (channel mask 0x3)
[2018.01.02-16.58.48:964][  0]LogInit: FAudioDevice initialized.
[2018.01.02-16.58.49:190][  0]LogDerivedDataCache: Saved boot cache 0.23s 78MB C:/Users/sss31/AppData/Local/UnrealEngine/4.18/DerivedDataCache/Boot.ddc.
[2018.01.02-16.58.49:203][  0]LogInit: Texture streaming: Enabled
[2018.01.02-16.58.49:362][  0]LogEngineSessionManager: EngineSessionManager initialized
[2018.01.02-16.58.49:561][  0]LogInit: Transaction tracking system initialized
[2018.01.02-16.58.50:123][  0]BlueprintLog: New page: Editor Load
[2018.01.02-16.58.51:639][  0]LocalizationService: Localization service is disabled
[2018.01.02-16.58.52:928][  0]LogConsoleResponse: Display: 
[2018.01.02-16.58.53:131][  0]LogFileCache: Scanning file cache for directory 'C:/Users/sss31/Documents/Unreal Projects/MyProject2/Content/' took 0.01s
[2018.01.02-16.58.53:131][  0]LogCook: Display: Max memory allowance for cook 16384mb min free memory 0mb
[2018.01.02-16.58.53:131][  0]LogCook: Display: Mobile HDR setting 1
[2018.01.02-16.58.53:131][  0]LogGameplayTags: Display: UGameplayTagsManager::DoneAddingNativeTags. DelegateIsBound: 0
[2018.01.02-16.58.55:288][  0]SourceControl: Source control is disabled
[2018.01.02-16.58.55:288][  0]Cmd: MAP LOAD FILE="../../../Engine/Content/Maps/Templates/Template_Default.umap" TEMPLATE=1 SHOWPROGRESS=1 FEATURELEVEL=3
[2018.01.02-16.58.55:288][  0]LightingResults: New page: Lighting Build
[2018.01.02-16.58.55:352][  0]MapCheck: New page: Map Check
[2018.01.02-16.58.55:352][  0]LightingResults: New page: Lighting Build
[2018.01.02-16.58.55:709][  0]LogAIModule: Creating AISystem for world Untitled_1
[2018.01.02-16.58.55:714][  0]LogEditorServer: Finished looking for orphan Actors (0.000 secs)
[2018.01.02-16.58.55:756][  0]Cmd: MAP CHECKDEP NOCLEARLOG
[2018.01.02-16.58.55:808][  0]MapCheck: Map check complete: 0 Error(s), 0 Warning(s), took 51.979ms to complete.
[2018.01.02-16.58.55:808][  0]LogFileHelpers: Loading map 'Template_Default' took 0.521
[2018.01.02-16.58.56:094][  0]LogCollectionManager: Loaded 0 collections in 0.001555 seconds
[2018.01.02-16.58.56:199][  0]LogFileCache: Scanning file cache for directory 'C:/Users/sss31/Documents/Unreal Projects/MyProject2/Saved/Collections/' took 0.01s
[2018.01.02-16.58.56:199][  0]LogFileCache: Scanning file cache for directory 'C:/Users/sss31/Documents/Unreal Projects/MyProject2/Content/Developers/Admen3000/Collections/' took 0.01s
[2018.01.02-16.58.56:199][  0]LogFileCache: Scanning file cache for directory 'C:/Users/sss31/Documents/Unreal Projects/MyProject2/Content/Collections/' took 0.01s
[2018.01.02-16.58.56:199][  0]LogCollectionManager: Rebuilt the GUID cache for 0 collections in 0.000001 seconds
[2018.01.02-16.58.56:209][  0]LogContentBrowser: Native class hierarchy populated in 0.0099 seconds. Added 2364 classes and 521 folders.
[2018.01.02-16.58.56:310][  0]LogContentBrowser: Native class hierarchy updated for 'WidgetCarousel' in 0.0002 seconds. Added 0 classes and 0 folders.
[2018.01.02-16.58.56:734][  0]LogContentBrowser: Native class hierarchy updated for 'AddContentDialog' in 0.0003 seconds. Added 0 classes and 0 folders.
[2018.01.02-16.58.56:765][  0]LogSlate: Took 0.018314 seconds to synchronously load lazily loaded font '../../../Engine/Content/Slate/Fonts/Roboto-Regular.ttf' (155K)
[2018.01.02-16.58.56:770][  0]LogSlate: Took 0.003549 seconds to synchronously load lazily loaded font '../../../Engine/Content/Slate/Fonts/Roboto-Bold.ttf' (160K)
[2018.01.02-16.58.56:869][  0]LogRenderer: Reallocating scene render targets to support 1100x924 Format 10 NumSamples 1 (Frame:1).
[2018.01.02-16.58.57:149][  0]LogContentBrowser: Native class hierarchy updated for 'HierarchicalLODOutliner' in 0.0002 seconds. Added 1 classes and 2 folders.
[2018.01.02-16.58.57:149][  0]LogLoad: (Engine Initialization) Total time: 52.90 seconds
[2018.01.02-16.58.57:149][  0]LogLoad: (Engine Initialization) Total Blueprint compile time: 0.00 seconds
[2018.01.02-16.58.57:149][  0]LogExternalProfiler: Found external profiler: VSPerf
[2018.01.02-16.58.57:149][  0]LogExternalProfiler: Using external profiler: VSPerf
[2018.01.02-16.58.57:173][  0]LogAssetRegistry: Asset discovery search completed in 39.5154 seconds
[2018.01.02-16.58.57:174][  0]LogCollectionManager: Rebuilt the object cache for 0 collections in 0.000000 seconds (found 0 objects)
[2018.01.02-16.58.57:174][  0]LogCollectionManager: Fixed up redirectors for 0 collections in 0.000056 seconds (updated 0 objects)
[2018.01.02-16.58.57:175][  0]LogContentStreaming: Texture pool size now 1000 MB
[2018.01.02-16.58.57:191][  0]LogInit: XAudio2 using 'Realtek HD Audio 2nd output (Realtek High Definition Audio)' : 2 channels at 48 kHz using 32 bits per sample (channel mask 0x3)
[2018.01.02-17.00.35:912][774]LogInit: XAudio2 using 'Realtek HD Audio 2nd output (Realtek High Definition Audio)' : 2 channels at 48 kHz using 32 bits per sample (channel mask 0x3)
[2018.01.02-17.01.17:112][700]LogActorFactory: Actor Factory created Cube
[2018.01.02-17.01.17:399][720]LogActorFactory: Actor Factory created Cube
[2018.01.02-17.01.17:451][720]LogSlate: Took 0.017678 seconds to synchronously load lazily loaded font '../../../Engine/Content/Editor/Slate/Fonts/FontAwesome.ttf' (139K)
[2018.01.02-17.01.25:437][662]LogSlate: Took 0.022962 seconds to synchronously load lazily loaded font '../../../Engine/Content/Slate/Fonts/Roboto-Light.ttf' (159K)
[2018.01.02-17.01.44:197][309]SourceControl: On branch master
[2018.01.02-17.01.44:197][309]SourceControl: Your branch is up to date with 'origin/master'.
[2018.01.02-17.01.44:197][309]SourceControl: Changes not staged for commit:
[2018.01.02-17.01.44:197][309]SourceControl:   (use "git add <file>..." to update what will be committed)
[2018.01.02-17.01.44:197][309]SourceControl:   (use "git checkout -- <file>..." to discard changes in working directory)
[2018.01.02-17.01.44:197][309]SourceControl: 	modified:   MyProject2/Intermediate/CachedAssetRegistry.bin
[2018.01.02-17.01.44:197][309]SourceControl: 	modified:   MyProject2/Saved/Logs/MyProject2.log
[2018.01.02-17.01.44:197][309]SourceControl: Untracked files:
[2018.01.02-17.01.44:197][309]SourceControl:   (use "git add <file>..." to include in what will be committed)
[2018.01.02-17.01.44:197][309]SourceControl: 	MyProject/
[2018.01.02-17.01.44:197][309]SourceControl: 	MyProject2/Saved/Config/CrashReportClient/UE4CC-Windows-BCD4E2DE492A069FE72154B5F1D00D67/
[2018.01.02-17.01.44:197][309]SourceControl: 	MyProject2/Saved/Logs/MyProject2-backup-2018.01.02-21.58.06.log
[2018.01.02-17.01.44:197][309]SourceControl: 	MyProject3/
[2018.01.02-17.01.44:197][309]SourceControl: 	OUR/
[2018.01.02-17.01.44:197][309]SourceControl: 	Sci 4.16/
[2018.01.02-17.01.44:197][309]SourceControl: 	Sci/
[2018.01.02-17.01.44:197][309]SourceControl: 	Sci3/
[2018.01.02-17.01.44:197][309]SourceControl: 	TriDsidetest/
[2018.01.02-17.01.44:198][309]SourceControl: 	Zek/
[2018.01.02-17.01.44:198][309]SourceControl: 	qqq/
[2018.01.02-17.01.44:198][309]SourceControl: 	uRRoven/
[2018.01.02-17.01.44:198][309]SourceControl: no changes added to commit (use "git add" and/or "git commit -a")
[2018.01.02-17.01.59:301][107]SourceControl: Error: fatal: Invalid path '/Temp': No such file or directory
[2018.01.02-17.02.02:216][118]SourceControl: Error: fatal: Invalid path '/Temp': No such file or directory
[2018.01.02-17.02.04:601][394]MapCheck: New page: Map Check
[2018.01.02-17.02.04:679][394]Cmd: MAP REBUILD ALLVISIBLE
[2018.01.02-17.02.04:679][394]LogEditorServer: Rebuildmap Clear paths rebuilt
[2018.01.02-17.02.04:792][394]LogMaterial: Missing cached shader map for material FDebugViewModeMaterialProxy WorldGridMaterial, compiling. Is special engine material.
[2018.01.02-17.02.04:890][394]LogMaterial: Missing cached shader map for material FDebugViewModeMaterialProxy DefaultMaterial, compiling. 
[2018.01.02-17.02.04:895][394]LogMaterial: Missing cached shader map for material FDebugViewModeMaterialProxy MaterialInstanceDynamic_1, compiling. 
[2018.01.02-17.02.04:901][394]LogMaterial: Missing cached shader map for material FDebugViewModeMaterialProxy BasicShapeMaterial, compiling. 
[2018.01.02-17.02.05:469][394]TextureStreamingBuild: Display: Compiling optional shaders took 0.686 seconds.
[2018.01.02-17.02.05:522][394]LogLevel: Display: Export Material TexCoord Scales took 0.052 seconds.
[2018.01.02-17.02.05:529][394]TextureStreamingBuild: Display: Build Texture Streaming took 0.007 seconds.
[2018.01.02-17.02.05:555][394]LightingResults: New page: Lighting Build - Jan 3, 2018, 4:02:05 AM
[2018.01.02-17.02.06:207][394]LogSwarmInterface: [OpenConnection] Registering TCP channel ...
[2018.01.02-17.02.06:425][394]LogSwarmInterface: [OpenConnection] Connecting to agent ...
[2018.01.02-17.02.06:562][394]LogSwarmInterface: [TryOpenConnection] Testing the Agent
[2018.01.02-17.02.08:464][394]LogSwarmInterface: [TryOpenConnection] Opening Connection to Agent
[2018.01.02-17.02.08:464][394]LogSwarmInterface: [TryOpenConnection] Local Process ID is 27608
[2018.01.02-17.02.17:895][394]LogStaticLightingSystem: Warning: No importance volume found, so the scene bounding box was used.  You can optimize your scene's quality and lighting build times by adding importance volumes.
[2018.01.02-17.02.17:932][394]LogStaticLightingSystem: Running Lightmass w/ ImmediateImport mode ENABLED
[2018.01.02-17.02.17:932][394]LogStaticLightingSystem: Running Lightmass w/ ImmediateProcess mode ENABLED
[2018.01.02-17.02.17:932][394]LogStaticLightingSystem: Running Lightmass w/ Sorting mode ENABLED
[2018.01.02-17.02.17:932][394]LogStaticLightingSystem: Running Lightmass w/ Mapping paddings ENABLED
[2018.01.02-17.02.17:932][394]LogStaticLightingSystem: Running Lightmass w/ Mapping debug paddings DISABLED
[2018.01.02-17.02.18:790][394]Cmd: MAP CHECK DONTDISPLAYDIALOG
[2018.01.02-17.02.18:790][394]MapCheck: New page: Untitled_1 - Jan 3, 2018, 4:02:18 AM
[2018.01.02-17.02.18:953][394]MapCheck: Error: WorldSettings_1 Maps need lighting rebuilt 
[2018.01.02-17.02.19:007][394]MapCheck: Map check complete: 1 Error(s), 0 Warning(s), took 216.537ms to complete.
[2018.01.02-17.02.19:029][394]LogEditorBuildUtils: Build time 0:14
[2018.01.02-17.02.19:095][394]LogMaterial: Missing cached shader map for material FLightmassMaterialRenderer DefaultMaterial, compiling. 
[2018.01.02-17.02.19:120][394]LogMaterial: Missing cached shader map for material FLightmassMaterialRenderer DefaultMaterial, compiling. 
[2018.01.02-17.02.19:240][395]LogMaterial: Missing cached shader map for material FLightmassMaterialRenderer MaterialInstanceDynamic_1, compiling. 
[2018.01.02-17.02.19:251][395]LogMaterial: Missing cached shader map for material FLightmassMaterialRenderer MaterialInstanceDynamic_1, compiling. 
[2018.01.02-17.02.19:293][396]LogMaterial: Missing cached shader map for material FLightmassMaterialRenderer BasicShapeMaterial, compiling. 
[2018.01.02-17.02.19:298][396]LogMaterial: Missing cached shader map for material FLightmassMaterialRenderer BasicShapeMaterial, compiling. 
[2018.01.02-17.02.19:324][397]LogMaterial: Missing cached shader map for material FLightmassMaterialRenderer WorldGridMaterial, compiling. Is special engine material.
[2018.01.02-17.02.19:333][397]LogMaterial: Missing cached shader map for material FLightmassMaterialRenderer WorldGridMaterial, compiling. Is special engine material.
[2018.01.02-17.02.23:628][512]Job is a success!
[2018.01.02-17.02.24:030][513]LogSlate: Took 0.000162 seconds to synchronously load lazily loaded font '../../../Engine/Content/Slate/Fonts/Roboto-Light.ttf' (159K)
[2018.01.02-17.02.24:232][513]LogVolumetricLightmapImport: Imported Volumetric Lightmap in 0.082s
[2018.01.02-17.02.24:232][513]LogVolumetricLightmapImport:      Indirection Texture 16x16x16 = 0.0Mb
[2018.01.02-17.02.24:232][513]LogVolumetricLightmapImport:      BrickData 30x5x5 = 0.0Mb
[2018.01.02-17.02.24:232][513]LogVolumetricLightmapImport:      Bricks at Level
[2018.01.02-17.02.24:232][513]LogVolumetricLightmapImport:          0: 16.7% covering 100.0% of volume
[2018.01.02-17.02.24:232][513]LogVolumetricLightmapImport:          1: 16.7% covering 1.6% of volume
[2018.01.02-17.02.24:232][513]LogVolumetricLightmapImport:          2: 66.7% covering 0.1% of volume
[2018.01.02-17.02.24:438][513]LogTexture: Display: Building textures: LQ_Lightmap_1_1 (DXT1, 256X256)
[2018.01.02-17.02.24:438][513]LogTexture: Display: Building textures: HQ_Lightmap1_1 (AutoDXT, 256X256)
[2018.01.02-17.02.24:438][513]LogTexture: Display: Building textures: HQ_Lightmap1_2 (AutoDXT, 64X64)
[2018.01.02-17.02.24:438][513]LogTexture: Display: Building textures: LQ_Lightmap_1_2 (DXT1, 64X64)
[2018.01.02-17.02.24:438][513]LogTexture: Display: Building textures: ShadowMapTexture2D_3 (G8, 32X32)
[2018.01.02-17.02.24:438][513]LogTexture: Display: Building textures: ShadowMapTexture2D_2 (G8, 256X128)
[2018.01.02-17.02.24:623][513]Lightmass on SEMKASEM: 1.71 sec total, 205 ms importing, 14 ms setup, 182 ms photons, 1.26 sec processing, 0 ms extra exporting [3/3 mappings]. Threads: 5.03 sec total, 288 ms processing.
[2018.01.02-17.02.24:641][513]LogStaticLightingSystem: Illumination: 18.6 sec (82 ms encoding lightmaps, 39 ms encoding shadowmaps)
[2018.01.02-17.02.24:641][513]LogStaticLightingSystem: Lightmap texture memory:  0.1 MB (0.1 MB streaming, 0.0 MB non-streaming), 4 textures
[2018.01.02-17.02.24:641][513]LogStaticLightingSystem: Shadowmap texture memory: 0.0 MB (0.0 MB streaming, 0.0 MB non-streaming), 2 textures
[2018.01.02-17.02.25:501][513]DumpUnbuiltLightIteractions
[2018.01.02-17.02.25:501][513]Lights with unbuilt interactions: 0
[2018.01.02-17.02.25:501][513]
[2018.01.02-17.02.25:501][513]Primitives with unbuilt interactions: 0
[2018.01.02-17.02.25:508][514]Cmd: MAP CHECK NOTIFYRESULTS
[2018.01.02-17.02.25:508][514]MapCheck: New page: Untitled_1 - Jan 3, 2018, 4:02:25 AM
[2018.01.02-17.02.25:559][514]MapCheck: Map check complete: 0 Error(s), 0 Warning(s), took 51.16ms to complete.
[2018.01.02-17.02.25:627][521]SourceControl: Error: fatal: Invalid path '/Temp': No such file or directory
[2018.01.02-17.02.29:110][928]SourceControl: Error: fatal: Invalid path '/Temp': No such file or directory
[2018.01.02-17.02.30:874][936]SourceControl: Error: fatal: Invalid path '/Temp': No such file or directory
[2018.01.02-17.02.31:551][ 17]LogEditorViewport: Clicking on Actor (LMB): StaticMeshActor (Floor)
[2018.01.02-17.02.32:294][101]LogEditorViewport: Clicking on Actor (LMB): BP_Sky_Sphere_C (Sky Sphere)
[2018.01.02-17.02.36:033][537]SourceControl: Error: fatal: Invalid path '/Temp': No such file or directory
[2018.01.02-17.02.40:775][537]Cmd: OBJ SAVEPACKAGE PACKAGE="/Game/Untitled" FILE="../../../../../../Users/sss31/Documents/Unreal Projects/MyProject2/Content/Untitled.umap" SILENT=true AUTOSAVING=false KEEPDIRTY=false
[2018.01.02-17.02.40:898][537]LogSavePackage: Save=113.89ms
[2018.01.02-17.02.40:898][537]LogSavePackage: Moving '../../../../../../Users/sss31/Documents/Unreal Projects/MyProject2/Saved/Untitled73D546274F6B55388E962689F32BE23B.tmp' to '../../../../../../Users/sss31/Documents/Unreal Projects/MyProject2/Content/Untitled.umap'
[2018.01.02-17.02.40:900][537]LogSavePackage: Display: Finished SavePackage ../../../../../../Users/sss31/Documents/Unreal Projects/MyProject2/Content/Untitled.umap
[2018.01.02-17.02.41:931][537]LogSlate: Took 0.000118 seconds to synchronously load lazily loaded font '../../../Engine/Content/Slate/Fonts/Roboto-Regular.ttf' (155K)
[2018.01.02-17.02.41:933][537]LogFileHelpers: Saving map 'Untitled' took 1.210
[2018.01.02-17.02.41:938][537]Cmd: OBJ SAVEPACKAGE PACKAGE="/Game/Untitled_BuiltData" FILE="../../../../../../Users/sss31/Documents/Unreal Projects/MyProject2/Content/Untitled_BuiltData.uasset" SILENT=true
[2018.01.02-17.02.41:950][537]LogSavePackage: Save=10.68ms
[2018.01.02-17.02.41:950][537]LogSavePackage: Moving '../../../../../../Users/sss31/Documents/Unreal Projects/MyProject2/Saved/Untitled_BuiltData8799EA3948511F902B251A85ECE95972.tmp' to '../../../../../../Users/sss31/Documents/Unreal Projects/MyProject2/Content/Untitled_BuiltData.uasset'
[2018.01.02-17.02.41:952][537]LogSavePackage: Display: Finished SavePackage ../../../../../../Users/sss31/Documents/Unreal Projects/MyProject2/Content/Untitled_BuiltData.uasset
[2018.01.02-17.02.42:483][551]SourceControl: Error: fatal: Invalid path '/Temp': No such file or directory
[2018.01.02-17.03.16:242][963]LogSourceControl: FGitCheckInWorker: commit successful
[2018.01.02-17.03.16:306][963]SourceControl: [master 13900b2] dfgdf
[2018.01.02-17.03.16:306][963]SourceControl:  1 file changed, 3 insertions(+)
[2018.01.02-17.03.16:306][963]SourceControl:  create mode 100644 MyProject2/Content/Untitled.umap
[2018.01.02-17.03.16:311][963]SourceControl: Commited [master 13900b2] dfgdf.
[2018.01.02-17.03.56:684][861]LogEditorViewport: Clicking on Actor (LMB): StaticMeshActor (Floor)
